<?xml version="1.0" encoding="UTF-8"?>
<!-- Generated by org.testng.reporters.JUnitReportReporter -->
<testsuite hostname="DESKTOP-9VS0LAJ" failures="0" tests="3" name="apr2.FirstTestNGClass" time="0.062" errors="0" timestamp="2024-04-05T19:30:53 IST" skipped="0">
  <testcase classname="apr2.FirstTestNGClass" name="reply" time="0.009"/>
  <system-out>
    <![CDATA[execute reply test]]>
  </system-out>
  <testcase classname="apr2.FirstTestNGClass" name="login" time="0.015"/>
  <system-out>
    <![CDATA[execute login test]]>
  </system-out>
  <testcase classname="apr2.FirstTestNGClass" name="compose" time="0.038"/>
  <system-out>
    <![CDATA[execute compose test]]>
  </system-out>
</testsuite> <!-- apr2.FirstTestNGClass -->
