<?xml version="1.0" encoding="UTF-8"?>
<!-- Generated by org.testng.reporters.JUnitReportReporter -->
<testsuite hostname="DESKTOP-9VS0LAJ" failures="0" tests="5" name="apr4.Using_Dataprovider" time="21.121" errors="0" timestamp="2024-04-08T19:28:57 IST" skipped="0">
  <testcase classname="apr4.Using_Dataprovider" name="verify_login" time="9.671"/>
  <system-out>
    <![CDATA[login Succes::dashboard            http://orangehrm.qedgetech.com/symfony/web/index.php/dashboard]]>
  </system-out>
  <testcase classname="apr4.Using_Dataprovider" name="verify_login" time="4.296"/>
  <system-out>
    <![CDATA[login Succes::dashboard            http://orangehrm.qedgetech.com/symfony/web/index.php/dashboard]]>
  </system-out>
  <testcase classname="apr4.Using_Dataprovider" name="verify_login" time="2.285"/>
  <system-out>
    <![CDATA[login Succes::dashboard            http://orangehrm.qedgetech.com/symfony/web/index.php/dashboard]]>
  </system-out>
  <testcase classname="apr4.Using_Dataprovider" name="verify_login" time="2.128"/>
  <system-out>
    <![CDATA[login Fail::dashboard                http://orangehrm.qedgetech.com/symfony/web/index.php/auth/validateCredentials]]>
  </system-out>
  <testcase classname="apr4.Using_Dataprovider" name="verify_login" time="2.741"/>
  <system-out>
    <![CDATA[login Succes::dashboard            http://orangehrm.qedgetech.com/symfony/web/index.php/dashboard]]>
  </system-out>
</testsuite> <!-- apr4.Using_Dataprovider -->
