<?xml version="1.0" encoding="UTF-8"?>
<!-- Generated by org.testng.reporters.JUnitReportReporter -->
<testsuite hostname="DESKTOP-9VS0LAJ" failures="0" tests="3" name="apr3.FirstTestNGClass" time="1.919" errors="0" timestamp="2024-04-09T17:38:01 IST" skipped="0">
  <testcase classname="apr3.FirstTestNGClass" name="ibanking" time="0.465"/>
  <system-out>
    <![CDATA[Executing ibanking Test]]>
  </system-out>
  <testcase classname="apr3.FirstTestNGClass" name="pbanking" time="0.710"/>
  <system-out>
    <![CDATA[Executing pbanking Test]]>
  </system-out>
  <testcase classname="apr3.FirstTestNGClass" name="cbanking" time="0.744"/>
  <system-out>
    <![CDATA[Executing cbanking Test]]>
  </system-out>
</testsuite> <!-- apr3.FirstTestNGClass -->
